<?xml version="1.0" encoding="UTF-8"?>
<!-- Generated by org.testng.reporters.JUnitReportReporter -->
<testsuite hostname="agayatri1-sa" failures="0" tests="1" name="com.xamplify.automation.LaunchEventCampaign" time="381.855" errors="0" timestamp="2022-09-16T16:01:47 IST" skipped="0">
  <testcase classname="com.xamplify.automation.LaunchEventCampaign" name="event_launch" time="381.855"/>
  <system-out/>
</testsuite> <!-- com.xamplify.automation.LaunchEventCampaign -->
