<?xml version="1.0" encoding="UTF-8"?>
<!-- Generated by org.testng.reporters.JUnitReportReporter -->
<testsuite hostname="Anoj-sa" failures="0" tests="2" name="com.xamplify.automation.Login" time="31.259" errors="0" timestamp="2022-12-01T18:03:44 IST" skipped="0">
  <testcase classname="com.xamplify.automation.Login" name="Openingthebrowser" time="21.467"/>
  <system-out/>
  <testcase classname="com.xamplify.automation.Login" name="Signinprocess" time="9.792"/>
  <system-out/>
</testsuite> <!-- com.xamplify.automation.Login -->
