<?xml version="1.0" encoding="UTF-8"?>
<!-- Generated by org.testng.reporters.JUnitReportReporter -->
<testsuite hostname="agayatri1-sa" failures="0" tests="1" name="com.xamplify.automation.ScheduleEventCampaign" time="419.319" errors="0" timestamp="2022-09-20T12:14:22 IST" skipped="0">
  <testcase classname="com.xamplify.automation.ScheduleEventCampaign" name="event_schedule" time="419.319"/>
  <system-out/>
</testsuite> <!-- com.xamplify.automation.ScheduleEventCampaign -->
