<?xml version="1.0" encoding="UTF-8"?>
<!-- Generated by org.testng.reporters.JUnitReportReporter -->
<testsuite hostname="agayatri1-sa" failures="0" tests="2" name="com.xamplify.automation.Login" time="56.883" errors="0" timestamp="2022-09-26T18:48:26 IST" skipped="0">
  <testcase classname="com.xamplify.automation.Login" name="Openingthebrowser" time="47.298"/>
  <system-out/>
  <testcase classname="com.xamplify.automation.Login" name="Signinprocess" time="9.585"/>
  <system-out/>
</testsuite> <!-- com.xamplify.automation.Login -->
