<?xml version="1.0" encoding="UTF-8"?>
<!-- Generated by org.testng.reporters.JUnitReportReporter -->
<testsuite hostname="agayatri1-sa" failures="0" tests="2" name="com.xamplify.automation.Login" time="31.373" errors="0" timestamp="2022-09-20T16:07:48 IST" skipped="0">
  <testcase classname="com.xamplify.automation.Login" name="Openingthebrowser" time="21.710"/>
  <system-out/>
  <testcase classname="com.xamplify.automation.Login" name="Signinprocess" time="9.663"/>
  <system-out/>
</testsuite> <!-- com.xamplify.automation.Login -->
