<?xml version="1.0" encoding="UTF-8"?>
<!-- Generated by org.testng.reporters.JUnitReportReporter -->
<testsuite hostname="agayatri1-sa" failures="0" tests="1" name="com.xamplify.automation.SaveEventCampaign" time="375.280" errors="0" timestamp="2022-09-20T11:15:07 IST" skipped="0">
  <testcase classname="com.xamplify.automation.SaveEventCampaign" name="event_save" time="375.280"/>
  <system-out/>
</testsuite> <!-- com.xamplify.automation.SaveEventCampaign -->
