<?xml version="1.0" encoding="UTF-8"?>
<!-- Generated by org.testng.reporters.JUnitReportReporter -->
<testsuite skipped="0" hostname="Anoj-sa" name="com.xamplify.automation.Login" tests="2" failures="0" timestamp="2022-11-22T12:32:13 IST" time="35.276" errors="0">
  <testcase name="Openingthebrowser" time="25.805" classname="com.xamplify.automation.Login"/>
  <system-out/>
  <testcase name="Signinprocess" time="9.471" classname="com.xamplify.automation.Login"/>
  <system-out/>
</testsuite> <!-- com.xamplify.automation.Login -->
