<?xml version="1.0" encoding="UTF-8"?>
<!-- Generated by org.testng.reporters.JUnitReportReporter -->
<testsuite hostname="LAP043" failures="0" tests="2" name="com.xamplify.automation.Login" time="33.240" errors="0" timestamp="2022-06-09T10:45:01 IST" skipped="0">
  <testcase classname="com.xamplify.automation.Login" name="Openingthebrowser" time="23.676"/>
  <system-out/>
  <testcase classname="com.xamplify.automation.Login" name="Signinprocess" time="9.564"/>
  <system-out/>
</testsuite> <!-- com.xamplify.automation.Login -->
